2017-08-09 00:38:22.861/6.877 Oracle Coherence 12.1.3.0.0 <Info> (thread=main, member=n/a): Loaded operational configuration from "jar:file:/C:/Oracle12c/Middleware/Oracle_Home/coherence/lib/coherence.jar!/tangosol-coherence.xml"
2017-08-09 00:38:23.182/7.198 Oracle Coherence 12.1.3.0.0 <Info> (thread=main, member=n/a): Loaded operational overrides from "jar:file:/C:/Oracle12c/Middleware/Oracle_Home/coherence/lib/coherence.jar!/tangosol-coherence-override-dev.xml"
2017-08-09 00:38:23.184/7.200 Oracle Coherence 12.1.3.0.0 <D5> (thread=main, member=n/a): Optional configuration override "/tangosol-coherence-override.xml" is not specified
2017-08-09 00:38:23.188/7.204 Oracle Coherence 12.1.3.0.0 <D5> (thread=main, member=n/a): Optional configuration override "cache-factory-config.xml" is not specified
2017-08-09 00:38:23.189/7.205 Oracle Coherence 12.1.3.0.0 <D5> (thread=main, member=n/a): Optional configuration override "cache-factory-builder-config.xml" is not specified
2017-08-09 00:38:23.191/7.207 Oracle Coherence 12.1.3.0.0 <D5> (thread=main, member=n/a): Optional configuration override "/custom-mbeans.xml" is not specified

Oracle Coherence Version 12.1.3.0.0 Build 52031
 Grid Edition: Development mode
Copyright (c) 2000, 2014, Oracle and/or its affiliates. All rights reserved.

2017-08-09 00:38:23.370/7.386 Oracle Coherence GE 12.1.3.0.0 <Info> (thread=main, member=n/a): Created cache factory com.tangosol.net.DefaultConfigurableCacheFactory
Aug 09, 2017 12:38:24 AM oracle.fabric.common.wsdl.SchemaManager isIncrementalBuildSupported
INFO: XMLSchema incremental build enabled.
Aug 09, 2017 12:38:24 AM com.collaxa.cube.CubeLogger info
INFO: validating "BPEL/BPELProcess1.bpel" ...
Aug 09, 2017 12:38:24 AM oracle.integration.platform.blocks.PlatformConfigurationProvider getPlatformConfigurationProvider
WARNING: JRF is unable to determine the current application server platform.
Aug 09, 2017 12:38:25 AM com.collaxa.cube.CubeLogger info
INFO: Composed "BPELProcess1" in 84.2 milliseconds [nodes 5=0+5, 59.4 nodes/sec]
Aug 09, 2017 12:38:28 AM CubeProcessGenerator compile
INFO: RegularFileObject[D:\JDeveloper\mywork\HelloWorld_NexusINTG_App\Project1\SOA\SCA-INF\bpel\BPELPr~0\src\orabpel\bpelprocess1\L0.java] D:\JDeveloper\mywork\HelloWorld_NexusINTG_App\Project1\SOA\SCA-INF\bpel\BPELPr~0\src\orabpel\bpelprocess1\L0.java uses unchecked or unsafe operations.
Aug 09, 2017 12:38:28 AM CubeProcessGenerator compile
INFO: RegularFileObject[D:\JDeveloper\mywork\HelloWorld_NexusINTG_App\Project1\SOA\SCA-INF\bpel\BPELPr~0\src\orabpel\bpelprocess1\L0.java] Recompile with -Xlint:unchecked for details.
Aug 09, 2017 12:38:28 AM com.collaxa.cube.CubeLogger info
INFO: Compiled "BPELProcess1" in 3.191 seconds
Aug 09, 2017 12:38:28 AM com.collaxa.cube.CubeLogger info
INFO: Gathered 4 files in 1.1 milliseconds
Aug 09, 2017 12:38:28 AM com.collaxa.cube.CubeLogger info
INFO: Packaged "BPELProcess1" in 22.3 milliseconds
